<?xml version="1.0" encoding="UTF-8"?>
<!-- Generated by org.testng.reporters.JUnitReportReporter -->
<testsuite skipped="0" hostname="LAPTOP-I5MPUN7Q" name="demojenkins.EdgeBrowser" tests="1" failures="0" timestamp="2022-03-21T10:39:38 IST" time="5.601" errors="0">
  <testcase name="setup" time="5.601" classname="demojenkins.EdgeBrowser"/>
  <system-out/>
</testsuite> <!-- demojenkins.EdgeBrowser -->
