<?xml version="1.0" encoding="UTF-8"?>
<!-- Generated by org.testng.reporters.JUnitReportReporter -->
<testsuite skipped="0" hostname="LAPTOP-I5MPUN7Q" name="demojenkins.ChromeBrowser" tests="1" failures="0" timestamp="2022-03-23T09:55:36 IST" time="12.891" errors="0">
  <testcase name="test" time="12.891" classname="demojenkins.ChromeBrowser"/>
  <system-out/>
</testsuite> <!-- demojenkins.ChromeBrowser -->
