<?xml version="1.0" encoding="UTF-8"?>
<!-- Generated by org.testng.reporters.JUnitReportReporter -->
<testsuite skipped="0" hostname="LAPTOP-I5MPUN7Q" name="regression.LaunchBrowser" tests="1" failures="0" timestamp="2022-03-21T21:11:12 IST" time="12.783" errors="0">
  <testcase name="setup" time="12.783" classname="regression.LaunchBrowser"/>
  <system-out/>
</testsuite> <!-- regression.LaunchBrowser -->
