<?xml version="1.0" encoding="UTF-8"?>
<!-- Generated by org.testng.reporters.JUnitReportReporter -->
<testsuite skipped="0" hostname="LAPTOP-I5MPUN7Q" name="demojenkins.EdgBrowser" tests="1" failures="0" timestamp="2022-03-20T00:13:27 IST" time="6.541" errors="0">
  <testcase name="test" time="6.541" classname="demojenkins.EdgBrowser"/>
  <system-out/>
</testsuite> <!-- demojenkins.EdgBrowser -->
