<?xml version="1.0" encoding="UTF-8"?>
<!-- Generated by org.testng.reporters.JUnitReportReporter -->
<testsuite skipped="0" hostname="LAPTOP-I5MPUN7Q" name="demojenkins.SetUp_Demo" tests="1" failures="0" timestamp="2022-03-19T23:07:49 IST" time="7.027" errors="0">
  <testcase name="launch" time="7.027" classname="demojenkins.SetUp_Demo"/>
  <system-out/>
</testsuite> <!-- demojenkins.SetUp_Demo -->
