<?xml version="1.0" encoding="UTF-8"?>
<!-- Generated by org.testng.reporters.JUnitReportReporter -->
<testsuite skipped="0" hostname="LAPTOP-I5MPUN7Q" name="regression.LaunchBrowser" tests="1" failures="0" timestamp="23 Mar 2022 03:36:31 GMT" time="13.312" errors="0">
  <testcase name="setup" time="13.312" classname="regression.LaunchBrowser"/>
</testsuite> <!-- regression.LaunchBrowser -->
